running egg_info
creating ../../build/mail_delivery/mail_delivery.egg-info
writing ../../build/mail_delivery/mail_delivery.egg-info/PKG-INFO
writing dependency_links to ../../build/mail_delivery/mail_delivery.egg-info/dependency_links.txt
writing requirements to ../../build/mail_delivery/mail_delivery.egg-info/requires.txt
writing top-level names to ../../build/mail_delivery/mail_delivery.egg-info/top_level.txt
writing manifest file '../../build/mail_delivery/mail_delivery.egg-info/SOURCES.txt'
reading manifest file '../../build/mail_delivery/mail_delivery.egg-info/SOURCES.txt'
adding license file 'LICENSE'
writing manifest file '../../build/mail_delivery/mail_delivery.egg-info/SOURCES.txt'
running build
running build_py
creating /home/student/CourierBot2/build/mail_delivery/build
creating /home/student/CourierBot2/build/mail_delivery/build/lib
creating /home/student/CourierBot2/build/mail_delivery/build/lib/mail_delivery
copying mail_delivery/mail_delivery.py -> /home/student/CourierBot2/build/mail_delivery/build/lib/mail_delivery
copying mail_delivery/__init__.py -> /home/student/CourierBot2/build/mail_delivery/build/lib/mail_delivery
running install
running install_lib
creating /home/student/CourierBot2/install/mail_delivery/lib/python3.12/site-packages/mail_delivery
copying /home/student/CourierBot2/build/mail_delivery/build/lib/mail_delivery/mail_delivery.py -> /home/student/CourierBot2/install/mail_delivery/lib/python3.12/site-packages/mail_delivery
copying /home/student/CourierBot2/build/mail_delivery/build/lib/mail_delivery/__init__.py -> /home/student/CourierBot2/install/mail_delivery/lib/python3.12/site-packages/mail_delivery
byte-compiling /home/student/CourierBot2/install/mail_delivery/lib/python3.12/site-packages/mail_delivery/mail_delivery.py to mail_delivery.cpython-312.pyc
byte-compiling /home/student/CourierBot2/install/mail_delivery/lib/python3.12/site-packages/mail_delivery/__init__.py to __init__.cpython-312.pyc
running install_data
creating /home/student/CourierBot2/install/mail_delivery/share/ament_index
creating /home/student/CourierBot2/install/mail_delivery/share/ament_index/resource_index
creating /home/student/CourierBot2/install/mail_delivery/share/ament_index/resource_index/packages
copying resource/mail_delivery -> /home/student/CourierBot2/install/mail_delivery/share/ament_index/resource_index/packages
copying package.xml -> /home/student/CourierBot2/install/mail_delivery/share/mail_delivery
running install_egg_info
Copying ../../build/mail_delivery/mail_delivery.egg-info to /home/student/CourierBot2/install/mail_delivery/lib/python3.12/site-packages/mail_delivery-0.0.0-py3.12.egg-info
running install_scripts
writing list of installed files to '/home/student/CourierBot2/build/mail_delivery/install.log'
