[0.672s] Invoking command in '/home/student/CourierBot2/src/mail_delivery': DEBUGINFOD_URLS=https://debuginfod.ubuntu.com PYTHONPATH=/home/student/CourierBot2/build/mail_delivery/prefix_override:/usr/lib/python3/dist-packages/colcon_core/task/python/colcon_distutils_commands:/home/student/CourierBot2/install/mail_delivery/lib/python3.12/site-packages:${PYTHONPATH} /usr/bin/python3 -W ignore:setup.py install is deprecated -W ignore:easy_install command is deprecated setup.py egg_info --egg-base ../../build/mail_delivery build --build-base /home/student/CourierBot2/build/mail_delivery/build install --record /home/student/CourierBot2/build/mail_delivery/install.log --single-version-externally-managed install_data
[0.873s] running egg_info
[0.885s] writing ../../build/mail_delivery/mail_delivery.egg-info/PKG-INFO
[0.885s] writing dependency_links to ../../build/mail_delivery/mail_delivery.egg-info/dependency_links.txt
[0.885s] writing entry points to ../../build/mail_delivery/mail_delivery.egg-info/entry_points.txt
[0.886s] writing requirements to ../../build/mail_delivery/mail_delivery.egg-info/requires.txt
[0.886s] writing top-level names to ../../build/mail_delivery/mail_delivery.egg-info/top_level.txt
[0.912s] reading manifest file '../../build/mail_delivery/mail_delivery.egg-info/SOURCES.txt'
[0.913s] adding license file 'LICENSE'
[0.913s] writing manifest file '../../build/mail_delivery/mail_delivery.egg-info/SOURCES.txt'
[0.913s] running build
[0.913s] running build_py
[0.914s] running install
[0.918s] running install_lib
[0.931s] running install_data
[0.932s] running install_egg_info
[0.945s] removing '/home/student/CourierBot2/install/mail_delivery/lib/python3.12/site-packages/mail_delivery-0.0.0-py3.12.egg-info' (and everything under it)
[0.945s] Copying ../../build/mail_delivery/mail_delivery.egg-info to /home/student/CourierBot2/install/mail_delivery/lib/python3.12/site-packages/mail_delivery-0.0.0-py3.12.egg-info
[0.946s] running install_scripts
[1.036s] Installing mail_delivery script to /home/student/CourierBot2/install/mail_delivery/lib/mail_delivery
[1.036s] writing list of installed files to '/home/student/CourierBot2/build/mail_delivery/install.log'
[1.053s] Invoked command in '/home/student/CourierBot2/src/mail_delivery' returned '0': DEBUGINFOD_URLS=https://debuginfod.ubuntu.com PYTHONPATH=/home/student/CourierBot2/build/mail_delivery/prefix_override:/usr/lib/python3/dist-packages/colcon_core/task/python/colcon_distutils_commands:/home/student/CourierBot2/install/mail_delivery/lib/python3.12/site-packages:${PYTHONPATH} /usr/bin/python3 -W ignore:setup.py install is deprecated -W ignore:easy_install command is deprecated setup.py egg_info --egg-base ../../build/mail_delivery build --build-base /home/student/CourierBot2/build/mail_delivery/build install --record /home/student/CourierBot2/build/mail_delivery/install.log --single-version-externally-managed install_data
